Base path: C:/Program Files (x86)/Unity/Editor/Data
Pipe name: \\.\pipe\UnityShaderCompiler-6-104
Cmd: getPlatforms
Cmd: compileSnippet
  api=5 type=0 insize=5716 outsize=2564 kw=DIRECTIONAL LIGHTMAP_ON DIRLIGHTMAP_OFF ok=1
Cmd: compileSnippet
  api=9 type=1 insize=5716 outsize=7 kw=DIRECTIONAL LIGHTMAP_ON DIRLIGHTMAP_ON ok=1
Cmd: compileSnippet
  api=5 type=0 insize=3427 outsize=2987 kw=SPOT ok=1
Cmd: compileSnippet
  api=5 type=1 insize=3427 outsize=6 kw=DIRECTIONAL ok=1
Cmd: compileSnippet
  api=9 type=0 insize=5609 outsize=5026 kw=DIRECTIONAL SHADOWS_OFF LIGHTMAP_OFF DIRLIGHTMAP_OFF ok=1
Cmd: compileSnippet
  api=5 type=1 insize=5609 outsize=6 kw=DIRECTIONAL SHADOWS_SCREEN LIGHTMAP_OFF DIRLIGHTMAP_OFF ok=1
Cmd: compileSnippet
  api=5 type=0 insize=3454 outsize=3917 kw=POINT ok=1
Cmd: compileSnippet
  api=9 type=0 insize=3454 outsize=3719 kw=DIRECTIONAL_COOKIE ok=1
Cmd: compileSnippet
  api=5 type=1 insize=3454 outsize=6 kw=SPOT ok=1
Unhandled exception: Readfile from pipe failed. GLE=The pipe has been ended.


Quitting shader compiler process
