Base path: C:/Program Files (x86)/Unity/Editor/Data
Pipe name: \\.\pipe\UnityShaderCompiler-2-2916
Cmd: getPlatforms
Cmd: compileSnippet
  api=5 type=0 insize=5716 outsize=4287 kw=DIRECTIONAL LIGHTMAP_OFF DIRLIGHTMAP_OFF ok=1
Cmd: compileSnippet
  api=9 type=0 insize=3427 outsize=2780 kw=DIRECTIONAL ok=1
Cmd: compileSnippet
  api=9 type=1 insize=3427 outsize=7 kw=SPOT ok=1
Cmd: compileSnippet
  api=9 type=0 insize=5609 outsize=2894 kw=DIRECTIONAL SHADOWS_OFF LIGHTMAP_ON DIRLIGHTMAP_OFF ok=1
Cmd: compileSnippet
  api=9 type=0 insize=5609 outsize=6912 kw=DIRECTIONAL SHADOWS_SCREEN LIGHTMAP_OFF DIRLIGHTMAP_OFF VERTEXLIGHT_ON ok=1
Cmd: compileSnippet
  api=9 type=1 insize=5609 outsize=7 kw=DIRECTIONAL SHADOWS_SCREEN LIGHTMAP_OFF DIRLIGHTMAP_OFF ok=1
Cmd: compileSnippet
  api=5 type=0 insize=3454 outsize=4153 kw=SPOT ok=1
Cmd: compileSnippet
  api=5 type=1 insize=3454 outsize=6 kw=DIRECTIONAL ok=1
Unhandled exception: Readfile from pipe failed. GLE=The pipe has been ended.


Quitting shader compiler process
